<?xml version="1.0" encoding="UTF-8"?>
<testsuite xmlns:xsi="http://www.w3.org/2001/XMLSchema-instance" xsi:noNamespaceSchemaLocation="https://maven.apache.org/surefire/maven-surefire-plugin/xsd/surefire-test-report.xsd" name="Book search" time="0.098" tests="1" errors="1" skipped="0" failures="0">
  <properties>
[...]
</properties>
  <testcase name="Search books by publication year" classname="Book search" time="0.094">
    <error message="The step &apos;a book with the title &apos;One good book&apos;, written by &apos;Anonymous&apos;, published in 2013-03-14&apos; and 6 other step(s) are undefined.&#10;You can implement these steps using the snippet(s) below:&#10;&#10;@Given(&quot;a book with the title {string}, written by {string}, published in {datetest}&quot;)&#10;public void a_book_with_the_title_written_by_published_in(String string, String string2, LocalDateTime datetest) {&#10;    // Write code here that turns the phrase above into concrete actions&#10;    throw new io.cucumber.java.PendingException();&#10;}&#10;@Given(&quot;another book with the title {string}, written by {string}, published in {int} August {int}&quot;)&#10;public void another_book_with_the_title_written_by_published_in_august(String string, String string2, Integer int1, Integer int2) {&#10;    // Write code here that turns the phrase above into concrete actions&#10;    throw new io.cucumber.java.PendingException();&#10;}&#10;@Given(&quot;another book with the title {string}, written by {string}, published in {int} January {int}&quot;)&#10;public void another_book_with_the_title_written_by_published_in_january(String string, String string2, Integer int1, Integer int2) {&#10;    // Write code here that turns the phrase above into concrete actions&#10;    throw new io.cucumber.java.PendingException();&#10;}&#10;@When(&quot;the customer searches for books published between {int} and {int}&quot;)&#10;public void the_customer_searches_for_books_published_between_and(Integer int1, Integer int2) {&#10;    // Write code here that turns the phrase above into concrete actions&#10;    throw new io.cucumber.java.PendingException();&#10;}&#10;@Then(&quot;{int} books should have been found&quot;)&#10;public void books_should_have_been_found(Integer int1) {&#10;    // Write code here that turns the phrase above into concrete actions&#10;    throw new io.cucumber.java.PendingException();&#10;}&#10;@Then(&quot;Book {int} should have the title {string}&quot;)&#10;public void book_should_have_the_title(Integer int1, String string) {&#10;    // Write code here that turns the phrase above into concrete actions&#10;    throw new io.cucumber.java.PendingException();&#10;}&#10;" type="io.cucumber.junit.platform.engine.UndefinedStepException">io.cucumber.junit.platform.engine.UndefinedStepException: 
The step 'a book with the title 'One good book', written by 'Anonymous', published in 2013-03-14' and 6 other step(s) are undefined.
You can implement these steps using the snippet(s) below:

@Given("a book with the title {string}, written by {string}, published in {datetest}")
public void a_book_with_the_title_written_by_published_in(String string, String string2, LocalDateTime datetest) {
    // Write code here that turns the phrase above into concrete actions
    throw new io.cucumber.java.PendingException();
}
@Given("another book with the title {string}, written by {string}, published in {int} August {int}")
public void another_book_with_the_title_written_by_published_in_august(String string, String string2, Integer int1, Integer int2) {
    // Write code here that turns the phrase above into concrete actions
    throw new io.cucumber.java.PendingException();
}
@Given("another book with the title {string}, written by {string}, published in {int} January {int}")
public void another_book_with_the_title_written_by_published_in_january(String string, String string2, Integer int1, Integer int2) {
    // Write code here that turns the phrase above into concrete actions
    throw new io.cucumber.java.PendingException();
}
@When("the customer searches for books published between {int} and {int}")
public void the_customer_searches_for_books_published_between_and(Integer int1, Integer int2) {
    // Write code here that turns the phrase above into concrete actions
    throw new io.cucumber.java.PendingException();
}
@Then("{int} books should have been found")
public void books_should_have_been_found(Integer int1) {
    // Write code here that turns the phrase above into concrete actions
    throw new io.cucumber.java.PendingException();
}
@Then("Book {int} should have the title {string}")
public void book_should_have_the_title(Integer int1, String string) {
    // Write code here that turns the phrase above into concrete actions
    throw new io.cucumber.java.PendingException();
}

</error>
  </testcase>
</testsuite>